<?xml version="1.0" encoding="UTF-8"?>
<testng-results skipped="0" failed="0" ignored="0" total="2" passed="2">
  <reporter-output>
  </reporter-output>
  <suite name="Suite" duration-ms="11271" started-at="2019-11-03T00:10:04 EDT" finished-at="2019-11-03T00:10:15 EDT">
    <groups>
    </groups>
    <test name="Test" duration-ms="11271" started-at="2019-11-03T00:10:04 EDT" finished-at="2019-11-03T00:10:15 EDT">
      <class name="TestNGPack.Testnggoogle">
        <test-method status="PASS" signature="setup()[pri:0, instance:TestNGPack.Testnggoogle@3632be31]" name="setup" is-config="true" duration-ms="4079" started-at="2019-11-03T00:10:04 EDT" finished-at="2019-11-03T00:10:08 EDT">
          <reporter-output>
          </reporter-output>
        </test-method> <!-- setup -->
        <test-method status="PASS" signature="SimpleSearch()[pri:0, instance:TestNGPack.Testnggoogle@3632be31]" name="SimpleSearch" duration-ms="2539" started-at="2019-11-03T00:10:08 EDT" finished-at="2019-11-03T00:10:10 EDT">
          <reporter-output>
          </reporter-output>
        </test-method> <!-- SimpleSearch -->
        <test-method status="PASS" signature="googleTitle()[pri:0, instance:TestNGPack.Testnggoogle@3632be31]" name="googleTitle" duration-ms="31" started-at="2019-11-03T00:10:10 EDT" finished-at="2019-11-03T00:10:10 EDT">
          <reporter-output>
          </reporter-output>
        </test-method> <!-- googleTitle -->
        <test-method status="PASS" signature="teardown()[pri:0, instance:TestNGPack.Testnggoogle@3632be31]" name="teardown" is-config="true" duration-ms="4599" started-at="2019-11-03T00:10:10 EDT" finished-at="2019-11-03T00:10:15 EDT">
          <reporter-output>
          </reporter-output>
        </test-method> <!-- teardown -->
      </class> <!-- TestNGPack.Testnggoogle -->
    </test> <!-- Test -->
  </suite> <!-- Suite -->
</testng-results>
