<?xml version="1.0" encoding="UTF-8"?>
<!-- Generated by org.testng.reporters.JUnitXMLReporter -->
<testsuite hostname="Sayeed-LpTop1" ignored="0" name="Test1" tests="4" failures="0" timestamp="2019-10-31T02:52:44 EDT" time="0.043" errors="0">
  <testcase name="openURL" time="0.007" classname="TestNGPack.testng1"/>
  <testcase name="search" time="0.001" classname="TestNGPack.testng1"/>
  <testcase name="advsearch" time="0.001" classname="TestNGPack.testng1"/>
  <testcase name="recharge" time="0.0" classname="TestNGPack.testng1"/>
</testsuite> <!-- Test1 -->
